{"_message":"users validation failed","errors":{"age":{"kind":"required","message":"Path `age` is required.","name":"ValidatorError","path":"age","properties":{"message":"Path `age` is required.","path":"age","type":"required"}},"number":{"kind":"required","message":"Path `number` is required.","name":"ValidatorError","path":"number","properties":{"message":"Path `number` is required.","path":"number","type":"required"}}},"level":"error","message":"users validation failed: number: Path `number` is required., age: Path `age` is required.","name":"ValidationError"}
{"_message":"users validation failed","errors":{"age":{"kind":"required","message":"Path `age` is required.","name":"ValidatorError","path":"age","properties":{"message":"Path `age` is required.","path":"age","type":"required"}},"number":{"kind":"required","message":"Path `number` is required.","name":"ValidatorError","path":"number","properties":{"message":"Path `number` is required.","path":"number","type":"required"}}},"level":"error","message":"users validation failed: number: Path `number` is required., age: Path `age` is required.","name":"ValidationError"}
{"code":"EENVELOPE","command":"API","level":"error"}
{"code":"EENVELOPE","command":"API","level":"error"}
{"code":11000,"index":0,"keyPattern":{"age":1},"keyValue":{"age":22},"level":"error"}
{"code":11000,"index":0,"keyPattern":{"age":1},"keyValue":{"age":22},"level":"error"}
{"code":11000,"index":0,"keyPattern":{"age":1},"keyValue":{"age":22},"level":"error"}
{"code":11000,"index":0,"keyPattern":{"age":1},"keyValue":{"age":22},"level":"error"}
{"code":11000,"index":0,"keyPattern":{"age":1},"keyValue":{"age":22},"level":"error"}
{"code":11000,"index":0,"keyPattern":{"number":1},"keyValue":{"number":9845646},"level":"error"}
{"code":"ECONNECTION","command":"EHLO","level":"error","response":"421 Timeout - closing connection","responseCode":421}
{"code":"EAUTH","command":"AUTH PLAIN","level":"error","response":"535 Authentication failed","responseCode":535}
{"code":"EAUTH","command":"AUTH PLAIN","level":"error","response":"535 Authentication failed","responseCode":535}
{"code":"EAUTH","command":"AUTH PLAIN","level":"error","response":"535 Authentication failed","responseCode":535}
{"code":"EAUTH","command":"AUTH PLAIN","level":"error","response":"535 Authentication failed","responseCode":535}
{"code":"EAUTH","command":"AUTH PLAIN","level":"error","response":"535 Authentication failed","responseCode":535}
{"code":"EAUTH","command":"AUTH PLAIN","level":"error","response":"535 Authentication failed","responseCode":535}
{"code":"EAUTH","command":"AUTH PLAIN","level":"error","response":"535 Authentication failed","responseCode":535}
{"code":"EAUTH","command":"AUTH PLAIN","level":"error","response":"535 Authentication failed","responseCode":535}
{"code":"EAUTH","command":"AUTH PLAIN","level":"error","response":"535 Authentication failed","responseCode":535}
{"code":"EAUTH","command":"AUTH PLAIN","level":"error","response":"535 Authentication failed","responseCode":535}
{"code":11000,"index":0,"keyPattern":{"email":1},"keyValue":{"email":"rosssomandddsdsdsdd69ster@gmail.com"},"level":"error"}
{"_message":"users validation failed","errors":{"age":{"kind":"Number","message":"Cast to Number failed for value \"2233asdasd322\" (type string) at path \"age\"","name":"CastError","path":"age","reason":{"actual":false,"code":"ERR_ASSERTION","expected":true,"generatedMessage":true,"operator":"=="},"stringValue":"\"2233asdasd322\"","value":"2233asdasd322","valueType":"string"}},"level":"error","message":"users validation failed: age: Cast to Number failed for value \"2233asdasd322\" (type string) at path \"age\"","name":"ValidationError"}
{"_message":"users validation failed","errors":{"age":{"kind":"Number","message":"Cast to Number failed for value \"2233asdasd322\" (type string) at path \"age\"","name":"CastError","path":"age","reason":{"actual":false,"code":"ERR_ASSERTION","expected":true,"generatedMessage":true,"operator":"=="},"stringValue":"\"2233asdasd322\"","value":"2233asdasd322","valueType":"string"}},"level":"error","message":"users validation failed: age: Cast to Number failed for value \"2233asdasd322\" (type string) at path \"age\"","name":"ValidationError"}
{"code":11000,"index":0,"keyPattern":{"email":1},"keyValue":{"email":"kakakari@gmail.com"},"level":"error"}
{"_original":{"code":"123222222","description":"MONITOR GAMER","price":"1901","stock":"333","thumbnail":"monitorsamsung.com","timestamp":"20/3/2023 20:02:21","title":"MONITOR SAMSUNG"},"details":[{"context":{"key":"code","label":"code","limit":6,"value":"123222222"},"message":"\"code\" length must be less than or equal to 6 characters long","path":["code"],"type":"string.max"}],"level":"error"}
{"level":"error"}
{"level":"error","message":"Cannot read properties of undefined (reading 'findByIdAndDelete')"}
{"level":"error","message":"Cannot read properties of undefined (reading 'findByIdAndDelete')"}
{"level":"error","message":"Cannot read properties of undefined (reading 'findByIdAndDelete')"}
{"level":"error","message":"Cannot read properties of undefined (reading 'findByIdAndDelete')"}
{"level":"error","message":"Cannot read properties of undefined (reading 'findByIdAndDelete')"}
{"level":"error","message":"Cannot read properties of undefined (reading 'findByIdAndDelete')"}
{"level":"error","message":"Cannot read properties of undefined (reading 'findByIdAndDelete')"}
{"level":"error","message":"Cannot read properties of undefined (reading 'findByIdAndDelete')"}
{"level":"error","message":"Cannot read properties of undefined (reading 'findByIdAndDelete')"}
{"level":"error","message":"Cannot read properties of undefined (reading 'findByIdAndDelete')"}
{"level":"error","message":"Cannot read properties of undefined (reading 'findByIdAndDelete')"}
{"level":"error","message":"Cannot read properties of undefined (reading 'findByIdAndDelete')"}
{"level":"error","message":"Cannot read properties of undefined (reading 'findByIdAndDelete')"}
{"level":"error","message":"Cannot read properties of undefined (reading 'findByIdAndDelete')"}
{"level":"error","message":"Cannot read properties of undefined (reading 'findByIdAndDelete')"}
{"level":"error","message":"Cannot read properties of undefined (reading 'findByIdAndDelete')"}
{"level":"error","message":"Cannot read properties of undefined (reading 'findByIdAndDelete')"}
{"level":"error","message":"Cast to ObjectId failed for value \":6418e737d6bffea6187e537c\" (type string) at path \"_id\" for model \"products\""}
{"code":"ERR_HTTP_HEADERS_SENT","level":"error"}
{"code":"ERR_HTTP_HEADERS_SENT","level":"error"}
{"code":"ERR_HTTP_HEADERS_SENT","level":"error"}
{"code":"ERR_HTTP_HEADERS_SENT","level":"error"}
{"_message":"users validation failed","errors":{"age":{"kind":"Number","message":"Cast to Number failed for value \"1asdasdasdasd0\" (type string) at path \"age\"","name":"CastError","path":"age","reason":{"actual":false,"code":"ERR_ASSERTION","expected":true,"generatedMessage":true,"operator":"=="},"stringValue":"\"1asdasdasdasd0\"","value":"1asdasdasdasd0","valueType":"string"}},"level":"error","message":"users validation failed: age: Cast to Number failed for value \"1asdasdasdasd0\" (type string) at path \"age\"","name":"ValidationError"}
{"_message":"users validation failed","errors":{"age":{"kind":"Number","message":"Cast to Number failed for value \"1asdasdasdasd0\" (type string) at path \"age\"","name":"CastError","path":"age","reason":{"actual":false,"code":"ERR_ASSERTION","expected":true,"generatedMessage":true,"operator":"=="},"stringValue":"\"1asdasdasdasd0\"","value":"1asdasdasdasd0","valueType":"string"}},"level":"error","message":"users validation failed: age: Cast to Number failed for value \"1asdasdasdasd0\" (type string) at path \"age\"","name":"ValidationError"}
{"code":"ERR_HTTP_INVALID_STATUS_CODE","level":"error"}
{"code":11000,"index":0,"keyPattern":{"age":1},"keyValue":{"age":12},"level":"error"}
{"code":11000,"index":0,"keyPattern":{"age":1},"keyValue":{"age":45},"level":"error"}
{"level":"error"}
{"level":"error"}
{"level":"error","message":"error"}
{"level":"error","message":"error"}
{"level":"error","message":"error"}
{"level":"error"}
{"level":"error","message":"error"}
{"level":"error","message":"error"}
{"level":"error","message":"error"}
{"level":"error","message":"error"}
{"level":"error","message":"error"}
{"level":"error","message":"error"}
{"level":"error","message":"error"}
{"level":"error","message":"error"}
{"level":"error","message":"error"}
{"level":"error","message":"error"}
{"level":"error","message":"error"}
{"level":"error","message":"error"}
{"level":"error","message":"error"}
{"level":"error","message":"error"}
{"level":"error","message":"error"}
{"level":"error","message":"error"}
{"level":"error","message":"error"}
{"level":"error","message":"error"}
{"level":"error","message":"error"}
{"level":"error","message":"error"}
{"level":"error","message":"error"}
{"level":"error","message":"error"}
{"level":"error","message":"error"}
{"level":"error","message":"error"}
{"level":"error","message":"error"}
{"level":"error","message":"error"}
{"level":"error","message":"error"}
{"level":"error","message":"error"}
{"level":"error","message":"error"}
{"level":"error","message":"error"}
{"level":"error","message":"error"}
{"level":"error","message":"error"}
